* --- lumin --- *
*** JOB Start at 2025/03/11 14:53:24.
*
* --- check parameters --- *
*** system parameters ***
* mat:  al2o3_cr
* sw_run_emod:  False
* sw_run_ccd:  True
* sw_run_ph:  False
* nc:  20
* exe:  $HOME/qe7.2/bin
* code:  qe
* nspin:  1
*
*** configuration coordinate diagram parameters ***
* Eabs0 (eV):  2.599
* Eem0 (eV):  2.216
* EFCg (eV):  0.214
* dQ (eV):  1.0
* I0:  1.0
* gamma:  1e-05
* sw_plt_ccd:  False
* sw_eg:  True
* sw_anharm:  False
* sw_2dim:  False
* sw_fix:  vertex
* sw_unit:  eV
* curvature:  None
* include:  None
* dim_fit:  3
* fac_include:  1.0
* stateg:  4A2g
* statee:  4T2g
* emin_ccd (eV):  1.5
* emax_ccd (eV):  3.5
* tempmin (K):  1.0
* tempmax (K):  1000.0
* temp (K):  298.0
* sw_spec_temp:  False
* nmax:  30
* ndiv_e:  1000000
* ndiv_temp:  1000
* ndiv_eg:  12
*
* --- Finish check parameters --- *
* --- Start calculation of configuration coordinate model--- *
* --- gernerate POSCAR in between ground & excited states --- *
* Q=-1.0*deltaQ POSCAR_eg1 created!
* Q=-0.7272727272727273*deltaQ POSCAR_eg2 created!
* Q=-0.4545454545454546*deltaQ POSCAR_eg3 created!
* Q=-0.18181818181818188*deltaQ POSCAR_eg4 created!
* Q=0.09090909090909083*deltaQ POSCAR_eg5 created!
* Q=0.36363636363636354*deltaQ POSCAR_eg6 created!
* Q=0.6363636363636362*deltaQ POSCAR_eg7 created!
* Q=0.909090909090909*deltaQ POSCAR_eg8 created!
* Q=1.1818181818181817*deltaQ POSCAR_eg9 created!
* Q=1.4545454545454541*deltaQ POSCAR_eg10 created!
* Q=1.727272727272727*deltaQ POSCAR_eg11 created!
* Q=2.0*deltaQ POSCAR_eg12 created!
* Finish!
*
* --- gernerate POSCAR in between ground & excited states --- *
* Q=-1.0*deltaQ POSCAR_eg1 created!
* Q=-0.7272727272727273*deltaQ POSCAR_eg2 created!
* Q=-0.4545454545454546*deltaQ POSCAR_eg3 created!
* Q=-0.18181818181818188*deltaQ POSCAR_eg4 created!
* Q=0.09090909090909083*deltaQ POSCAR_eg5 created!
* Q=0.36363636363636354*deltaQ POSCAR_eg6 created!
* Q=0.6363636363636362*deltaQ POSCAR_eg7 created!
* Q=0.909090909090909*deltaQ POSCAR_eg8 created!
* Q=1.1818181818181817*deltaQ POSCAR_eg9 created!
* Q=1.4545454545454541*deltaQ POSCAR_eg10 created!
* Q=1.727272727272727*deltaQ POSCAR_eg11 created!
* Q=2.0*deltaQ POSCAR_eg12 created!
* Finish!
*
* --- Fitting energy curve --- *
* Fitted by cubic equation: 
* ground state *
[-2.28806557e-02  2.10696139e-01  4.56628769e-04 -9.47088378e-09]
* hbar*Omegag (eV) [cubic]: sqrt(-0.0005738683941957511Q+0.0017614858669429015)
* Qming (amu^1/2 ang): -0.0010834280066885384
* hbar*Omegag (eV) @ Q=Qming: 0.04197746552655754
*
* excited state *
[-0.01612839  0.17654658 -0.32553028  0.16474104]
* hbar*Omegae (eV) [cubic]: sqrt(-0.00040451515145579825Q+0.0014759848414175485)
* Qmine (amu^1/2 ang): 1.0825199863414559
* hbar*Omegae (eV) @ Q=Qmine: 0.03221939020510329
*
* Fitted by quadratic equation: 
* ground state *
[ 1.81952080e-01 -2.68421024e-02  1.14754819e-07]
* hbar*Omegag (eV) [quadratic]: 0.03900226288585594
* Qming (amu^1/2 ang): 0.07376146064706939
* excited state *
[ 0.15001192 -0.34164542  0.17889883]
* hbar*Omegae (eV) [quadratic]: 0.03541393452079344
* Qmine (amu^1/2 ang): 1.1387275688420881
*** check the parameters in ccd ***
* Absorption energy (eV):  -46620.43462675416
* Emission energy (eV):  -46620.81896664294
* Absorption energy (@ 298.0K) (eV):  -46620.445178064416
* Emission energy (@ 298.0K) (eV):  -46620.80105809729
* EFCg = Ee - Eg (eV):  0.21837321156809336
* EFCe = Eg* - Ee* (eV):  0.16596667720783198
* Stokes shift (@ 0K) (eV):  0.3843398887765943
* Zero phonon photoemission line (eV):  -46620.60059343137
* FWHM_em (@ 0K) (eV):  0.22657150733963236
* FWHM_abs (@ 0K) (eV):  0.171351160211951
* FWHM_em (@ 298.0K) (eV):  0.3037978493971633
* FWHM_abs (@ 298.0K) (eV):  0.20877650029605846
* DeltaR (ang):  1.5335257053108255e-05
* DeltaQ (sqrt(amu)*ang):  1.0825199863414559
* DeltaQ[1:3] (sqrt(amu)*ang):  [0.8645666  0.51114562 0.40386171]
* hbar*Omegag (eV):  0.04197746552655754
* hbar*Omegae (eV):  0.03221939020510329
* Sabs:  5.151142717205871
* Sem:  5.202153317949531
*
* --- NO PLOT --- *
* --- FINISH CALCULATIONS OF STOKES SHIFT--- *
* --- All calculations are finished! --- *
* Computation time: 3516.401577949524 (sec)
*
